{
  "0 debug pnpm:scope": {
    "selected": 10,
    "total": 10,
    "workspacePrefix": "/Users/liujianhui/fx/fe-awesome"
  },
  "1 debug pnpm:package-manifest": {
    "initial": {
      "name": "@fostars/editor",
      "version": "1.0.0",
      "scripts": {
        "dev": "vite"
      },
      "dependencies": {
        "vite": "^2.9.12",
        "vue": "2",
        "vite-plugin-vue2": "^2.0.1",
        "vue-template-compiler": "^2.6.14",
        "@ckeditor/ckeditor5-build-classic": "^34.1.0",
        "@ckeditor/ckeditor5-build-inline": "^34.1.0",
        "@ckeditor/ckeditor5-build-decoupled-document": "^34.1.0",
        "@ckeditor/ckeditor5-build-balloon": "^34.1.0",
        "@ckeditor/ckeditor5-build-balloon-block": "^34.1.0"
      }
    },
    "prefix": "/Users/liujianhui/fx/fe-awesome/packages/editor"
  },
  "2 debug pnpm:package-manifest": {
    "initial": {
      "name": "@fostars/eslint-config",
      "main": "index.js",
      "peerDependencies": {
        "eslint": "^8.16.0",
        "eslint-config-standard": "^17.0.0",
        "eslint-plugin-import": "^2.26.0",
        "eslint-plugin-n": "^15.2.1",
        "eslint-plugin-promise": "^6.0.0",
        "eslint-plugin-vue": "^9.1.1"
      }
    },
    "prefix": "/Users/liujianhui/fx/fe-awesome/packages/eslint-config"
  },
  "3 debug pnpm:package-manifest": {
    "initial": {
      "name": "@fostars/icons"
    },
    "prefix": "/Users/liujianhui/fx/fe-awesome/packages/icons"
  },
  "4 debug pnpm:package-manifest": {
    "initial": {
      "name": "@fostars/utils",
      "description": "工具方法集成",
      "scripts": {},
      "devDependencies": {}
    },
    "prefix": "/Users/liujianhui/fx/fe-awesome/packages/utils"
  },
  "5 debug pnpm:package-manifest": {
    "initial": {
      "name": "vue2-compiler",
      "scripts": {
        "build": "node index.js"
      },
      "dependencies": {
        "fs-extra": "^10.1.0",
        "@types/fs-extra": "^9.0.13",
        "vue-template-compiler": "^2.6.14",
        "@vue/component-compiler-utils": "^3.3.0"
      }
    },
    "prefix": "/Users/liujianhui/fx/fe-awesome/packages/vue2-compiler"
  },
  "6 debug pnpm:package-manifest": {
    "initial": {
      "name": "@fostars/cli",
      "version": "1.0.0",
      "bin": {
        "fe-cli": "./bin.js"
      },
      "main": "lib/index.js",
      "typings": "./lib/index.d.ts",
      "engines": {
        "node": ">=14.0.0"
      },
      "files": [
        "bin.js",
        "lib"
      ],
      "scripts": {
        "dev": "tsc --watch",
        "build": "rimraf ./lib && tsc",
        "build2": "fe-cli build"
      },
      "devDependencies": {
        "@fostars/cli": "workspace:^1.0.0",
        "@fostars/eslint-config": "workspace: *",
        "@types/fs-extra": "^9.0.13",
        "@types/hash-sum": "^1.0.0",
        "@types/less": "^3.0.3",
        "vite-plugin-md": "^0.17.2"
      },
      "dependencies": {
        "@vue/compiler-sfc": "^3.2.37",
        "@vue/component-compiler-utils": "^3.3.0",
        "chalk": "^5.0.1",
        "commander": "^9.3.0",
        "consola": "^2.15.3",
        "esbuild": "^0.14.43",
        "fast-glob": "^3.2.11",
        "fs-extra": "^10.1.0",
        "hash-sum": "^2.0.0",
        "less": "^4.1.2",
        "ora": "^5",
        "postcss": "^8.4.14",
        "postcss-load-config": "^4.0.1",
        "rimraf": "^3.0.2",
        "sass": "^1.52.3",
        "typescript": "^4.7.3",
        "vite-plugin-inspect": "^0.5.0",
        "vite-plugin-vue2": "^2.0.1",
        "vue": "2",
        "vue-router": "3",
        "vue-template-compiler": "^2.6.14"
      }
    },
    "prefix": "/Users/liujianhui/fx/fe-awesome/packages/cli"
  },
  "7 debug pnpm:package-manifest": {
    "initial": {
      "name": "@fostars/atom",
      "description": "css原子化共用抽离",
      "scripts": {
        "build": "fe-cli build"
      },
      "author": {
        "name": "liuxsen",
        "email": "wyliuxsen@163.com",
        "url": "http://git.fostars.com/jianhui"
      },
      "devDependencies": {
        "@fostars/cli": "workspace: *",
        "autoprefixer": "^10.4.7",
        "postcss-nested": "^5.0.6"
      }
    },
    "prefix": "/Users/liujianhui/fx/fe-awesome/packages/atom"
  },
  "8 debug pnpm:package-manifest": {
    "initial": {
      "name": "@fostars/h-mui",
      "version": "1.0.0",
      "description": "移动端ui库封装",
      "author": {
        "name": "liuxsen",
        "email": "wyliuxsen@163.com",
        "url": "http://git.fostars.com/jianhui"
      },
      "module": "es/index.js",
      "main": "lib/index.js",
      "unpkg": "lib/HMUI.min.js",
      "typings": "lib/index.d.ts",
      "files": [
        "es",
        "lib"
      ],
      "scripts": {
        "build": "fe-cli build",
        "dev": "fe-cli dev"
      },
      "devDependencies": {
        "@fostars/cli": "workspace: *",
        "autoprefixer": "^10.4.7",
        "postcss-nested": "^5.0.6"
      },
      "dependencies": {
        "vue": "2",
        "vant-cli": "2.11.7"
      }
    },
    "prefix": "/Users/liujianhui/fx/fe-awesome/packages/h-mui"
  },
  "9 debug pnpm:package-manifest": {
    "initial": {
      "name": "app1",
      "scripts": {
        "dev": "vite"
      },
      "dependencies": {
        "@fostars/h-mui": "workspace: *",
        "vite": "^2.9.12",
        "vue": "2",
        "vite-plugin-vue2": "^2.0.1",
        "vue-template-compiler": "^2.6.14"
      }
    },
    "prefix": "/Users/liujianhui/fx/fe-awesome/apps/app1"
  },
  "10 debug pnpm:package-manifest": {
    "initial": {
      "name": "fe-awesome",
      "scripts": {
        "dev": "vite",
        "build": "rollup --config scripts/rollup.config.js",
        "prepare": "husky install",
        "test": "jest"
      },
      "lint-staged": {
        "*.js": "eslint --cache --fix",
        "*.ts": "eslint --cache --fix"
      },
      "devDependencies": {
        "@fostars/eslint-config": "workspace: *",
        "@rollup/plugin-typescript": "^8.3.2",
        "postcss": "^8.4.14",
        "rollup-plugin-postcss": "^4.0.2",
        "@types/jest": "^28.1.1",
        "@typescript-eslint/eslint-plugin": "^5.27.1",
        "@typescript-eslint/parser": "^5.27.1",
        "eslint": "^8.16.0",
        "eslint-config-standard": "^17.0.0",
        "husky": "^8.0.1",
        "jest": "^28.1.0",
        "less": "^4.1.2",
        "lint-staged": "^13.0.0",
        "rollup": "^2.75.5",
        "ts-jest": "^28.0.4",
        "tslib": "^2.4.0",
        "typescript": "^4.7.3",
        "vite": "^2.9.9"
      },
      "dependencies": {
        "eslint-plugin-import": "^2.26.0",
        "eslint-plugin-n": "^15.2.1",
        "eslint-plugin-promise": "^6.0.0",
        "vue": "2"
      }
    },
    "prefix": "/Users/liujianhui/fx/fe-awesome"
  },
  "11 debug pnpm:context": {
    "currentLockfileExists": true,
    "storeDir": "/Users/liujianhui/.pnpm-store/v3",
    "virtualStoreDir": "/Users/liujianhui/fx/fe-awesome/node_modules/.pnpm"
  },
  "12 debug pnpm:stage": {
    "prefix": "/Users/liujianhui/fx/fe-awesome",
    "stage": "resolution_started"
  },
  "13 debug pnpm:_dependency_resolved": {
    "resolution": "link:",
    "wanted": {
      "dependentId": "packages/cli",
      "name": "@fostars/cli",
      "rawSpec": "workspace:^1.0.0"
    }
  },
  "14 debug pnpm:_dependency_resolved": {
    "resolution": "link:../eslint-config",
    "wanted": {
      "dependentId": "packages/cli",
      "name": "@fostars/eslint-config",
      "rawSpec": "workspace: *"
    }
  },
  "15 debug pnpm:_dependency_resolved": {
    "resolution": "link:../cli",
    "wanted": {
      "dependentId": "packages/atom",
      "name": "@fostars/cli",
      "rawSpec": "workspace: *"
    }
  },
  "16 debug pnpm:_dependency_resolved": {
    "resolution": "link:../cli",
    "wanted": {
      "dependentId": "packages/h-mui",
      "name": "@fostars/cli",
      "rawSpec": "workspace: *"
    }
  },
  "17 debug pnpm:_dependency_resolved": {
    "resolution": "link:../../packages/h-mui",
    "wanted": {
      "dependentId": "apps/app1",
      "name": "@fostars/h-mui",
      "rawSpec": "workspace: *"
    }
  },
  "18 debug pnpm:_dependency_resolved": {
    "resolution": "link:packages/eslint-config",
    "wanted": {
      "dependentId": ".",
      "name": "@fostars/eslint-config",
      "rawSpec": "workspace: *"
    }
  },
  "19 debug pnpm:_dependency_resolved": {
    "resolution": "npm.fostars.com/vite/2.9.12",
    "wanted": {
      "dependentId": "packages/editor",
      "name": "vite",
      "rawSpec": "^2.9.12"
    }
  },
  "20 debug pnpm:_dependency_resolved": {
    "resolution": "npm.fostars.com/vue/2.6.14",
    "wanted": {
      "dependentId": "packages/editor",
      "name": "vue",
      "rawSpec": "2"
    }
  },
  "21 debug pnpm:_dependency_resolved": {
    "resolution": "npm.fostars.com/vite-plugin-vue2/2.0.1",
    "wanted": {
      "dependentId": "packages/editor",
      "name": "vite-plugin-vue2",
      "rawSpec": "^2.0.1"
    }
  },
  "22 debug pnpm:_dependency_resolved": {
    "resolution": "npm.fostars.com/vue-template-compiler/2.6.14",
    "wanted": {
      "dependentId": "packages/editor",
      "name": "vue-template-compiler",
      "rawSpec": "^2.6.14"
    }
  },
  "23 debug pnpm:_dependency_resolved": {
    "resolution": "npm.fostars.com/@ckeditor/ckeditor5-build-balloon/34.1.0",
    "wanted": {
      "dependentId": "packages/editor",
      "name": "@ckeditor/ckeditor5-build-balloon",
      "rawSpec": "^34.1.0"
    }
  },
  "24 debug pnpm:_dependency_resolved": {
    "resolution": "npm.fostars.com/@ckeditor/ckeditor5-build-classic/34.1.0",
    "wanted": {
      "dependentId": "packages/editor",
      "name": "@ckeditor/ckeditor5-build-classic",
      "rawSpec": "^34.1.0"
    }
  },
  "25 debug pnpm:_dependency_resolved": {
    "resolution": "npm.fostars.com/@ckeditor/ckeditor5-build-inline/34.1.0",
    "wanted": {
      "dependentId": "packages/editor",
      "name": "@ckeditor/ckeditor5-build-inline",
      "rawSpec": "^34.1.0"
    }
  },
  "26 debug pnpm:_dependency_resolved": {
    "resolution": "npm.fostars.com/@ckeditor/ckeditor5-build-decoupled-document/34.1.0",
    "wanted": {
      "dependentId": "packages/editor",
      "name": "@ckeditor/ckeditor5-build-decoupled-document",
      "rawSpec": "^34.1.0"
    }
  },
  "27 debug pnpm:_dependency_resolved": {
    "resolution": "npm.fostars.com/@ckeditor/ckeditor5-build-balloon-block/34.1.0",
    "wanted": {
      "dependentId": "packages/editor",
      "name": "@ckeditor/ckeditor5-build-balloon-block",
      "rawSpec": "^34.1.0"
    }
  },
  "28 debug pnpm:_dependency_resolved": {
    "resolution": "npm.fostars.com/@types/fs-extra/9.0.13",
    "wanted": {
      "dependentId": "packages/cli",
      "name": "@types/fs-extra",
      "rawSpec": "^9.0.13"
    }
  },
  "29 debug pnpm:_dependency_resolved": {
    "resolution": "npm.fostars.com/@types/hash-sum/1.0.0",
    "wanted": {
      "dependentId": "packages/cli",
      "name": "@types/hash-sum",
      "rawSpec": "^1.0.0"
    }
  },
  "30 debug pnpm:_dependency_resolved": {
    "resolution": "npm.fostars.com/@types/less/3.0.3",
    "wanted": {
      "dependentId": "packages/cli",
      "name": "@types/less",
      "rawSpec": "^3.0.3"
    }
  },
  "31 debug pnpm:_dependency_resolved": {
    "resolution": "npm.fostars.com/vite-plugin-md/0.17.2",
    "wanted": {
      "dependentId": "packages/cli",
      "name": "vite-plugin-md",
      "rawSpec": "^0.17.2"
    }
  },
  "32 debug pnpm:_dependency_resolved": {
    "resolution": "npm.fostars.com/@vue/compiler-sfc/3.2.37",
    "wanted": {
      "dependentId": "packages/cli",
      "name": "@vue/compiler-sfc",
      "rawSpec": "^3.2.37"
    }
  },
  "33 debug pnpm:_dependency_resolved": {
    "resolution": "npm.fostars.com/@vue/component-compiler-utils/3.3.0",
    "wanted": {
      "dependentId": "packages/cli",
      "name": "@vue/component-compiler-utils",
      "rawSpec": "^3.3.0"
    }
  },
  "34 debug pnpm:_dependency_resolved": {
    "resolution": "npm.fostars.com/commander/9.3.0",
    "wanted": {
      "dependentId": "packages/cli",
      "name": "commander",
      "rawSpec": "^9.3.0"
    }
  },
  "35 debug pnpm:_dependency_resolved": {
    "resolution": "npm.fostars.com/chalk/5.0.1",
    "wanted": {
      "dependentId": "packages/cli",
      "name": "chalk",
      "rawSpec": "^5.0.1"
    }
  },
  "36 debug pnpm:_dependency_resolved": {
    "resolution": "npm.fostars.com/consola/2.15.3",
    "wanted": {
      "dependentId": "packages/cli",
      "name": "consola",
      "rawSpec": "^2.15.3"
    }
  },
  "37 debug pnpm:_dependency_resolved": {
    "resolution": "npm.fostars.com/esbuild/0.14.43",
    "wanted": {
      "dependentId": "packages/cli",
      "name": "esbuild",
      "rawSpec": "^0.14.43"
    }
  },
  "38 debug pnpm:_dependency_resolved": {
    "resolution": "npm.fostars.com/fast-glob/3.2.11",
    "wanted": {
      "dependentId": "packages/cli",
      "name": "fast-glob",
      "rawSpec": "^3.2.11"
    }
  },
  "39 debug pnpm:_dependency_resolved": {
    "resolution": "npm.fostars.com/fs-extra/10.1.0",
    "wanted": {
      "dependentId": "packages/cli",
      "name": "fs-extra",
      "rawSpec": "^10.1.0"
    }
  },
  "40 debug pnpm:_dependency_resolved": {
    "resolution": "npm.fostars.com/hash-sum/2.0.0",
    "wanted": {
      "dependentId": "packages/cli",
      "name": "hash-sum",
      "rawSpec": "^2.0.0"
    }
  },
  "41 debug pnpm:_dependency_resolved": {
    "resolution": "npm.fostars.com/less/4.1.2",
    "wanted": {
      "dependentId": "packages/cli",
      "name": "less",
      "rawSpec": "^4.1.2"
    }
  },
  "42 debug pnpm:_dependency_resolved": {
    "resolution": "npm.fostars.com/ora/5.4.1",
    "wanted": {
      "dependentId": "packages/cli",
      "name": "ora",
      "rawSpec": "^5"
    }
  },
  "43 debug pnpm:_dependency_resolved": {
    "resolution": "npm.fostars.com/postcss/8.4.14",
    "wanted": {
      "dependentId": "packages/cli",
      "name": "postcss",
      "rawSpec": "^8.4.14"
    }
  },
  "44 debug pnpm:_dependency_resolved": {
    "resolution": "npm.fostars.com/postcss-load-config/4.0.1",
    "wanted": {
      "dependentId": "packages/cli",
      "name": "postcss-load-config",
      "rawSpec": "^4.0.1"
    }
  },
  "45 debug pnpm:_dependency_resolved": {
    "resolution": "npm.fostars.com/rimraf/3.0.2",
    "wanted": {
      "dependentId": "packages/cli",
      "name": "rimraf",
      "rawSpec": "^3.0.2"
    }
  },
  "46 debug pnpm:_dependency_resolved": {
    "resolution": "npm.fostars.com/sass/1.52.3",
    "wanted": {
      "dependentId": "packages/cli",
      "name": "sass",
      "rawSpec": "^1.52.3"
    }
  },
  "47 debug pnpm:_dependency_resolved": {
    "resolution": "npm.fostars.com/typescript/4.7.3",
    "wanted": {
      "dependentId": "packages/cli",
      "name": "typescript",
      "rawSpec": "^4.7.3"
    }
  },
  "48 debug pnpm:_dependency_resolved": {
    "resolution": "npm.fostars.com/vite-plugin-vue2/2.0.1",
    "wanted": {
      "dependentId": "packages/cli",
      "name": "vite-plugin-vue2",
      "rawSpec": "^2.0.1"
    }
  },
  "49 debug pnpm:_dependency_resolved": {
    "resolution": "npm.fostars.com/vite-plugin-inspect/0.5.0",
    "wanted": {
      "dependentId": "packages/cli",
      "name": "vite-plugin-inspect",
      "rawSpec": "^0.5.0"
    }
  },
  "50 debug pnpm:_dependency_resolved": {
    "resolution": "npm.fostars.com/vue/2.6.14",
    "wanted": {
      "dependentId": "packages/cli",
      "name": "vue",
      "rawSpec": "2"
    }
  },
  "51 debug pnpm:_dependency_resolved": {
    "resolution": "npm.fostars.com/vue-router/3.5.4",
    "wanted": {
      "dependentId": "packages/cli",
      "name": "vue-router",
      "rawSpec": "3"
    }
  },
  "52 debug pnpm:_dependency_resolved": {
    "resolution": "npm.fostars.com/vue-template-compiler/2.6.14",
    "wanted": {
      "dependentId": "packages/cli",
      "name": "vue-template-compiler",
      "rawSpec": "^2.6.14"
    }
  },
  "53 debug pnpm:_dependency_resolved": {
    "resolution": "npm.fostars.com/autoprefixer/10.4.7",
    "wanted": {
      "dependentId": "packages/atom",
      "name": "autoprefixer",
      "rawSpec": "^10.4.7"
    }
  },
  "54 debug pnpm:_dependency_resolved": {
    "resolution": "npm.fostars.com/postcss-nested/5.0.6",
    "wanted": {
      "dependentId": "packages/atom",
      "name": "postcss-nested",
      "rawSpec": "^5.0.6"
    }
  },
  "55 debug pnpm:_dependency_resolved": {
    "resolution": "npm.fostars.com/autoprefixer/10.4.7",
    "wanted": {
      "dependentId": "packages/h-mui",
      "name": "autoprefixer",
      "rawSpec": "^10.4.7"
    }
  },
  "56 debug pnpm:_dependency_resolved": {
    "resolution": "npm.fostars.com/postcss-nested/5.0.6",
    "wanted": {
      "dependentId": "packages/h-mui",
      "name": "postcss-nested",
      "rawSpec": "^5.0.6"
    }
  },
  "57 debug pnpm:_dependency_resolved": {
    "resolution": "npm.fostars.com/vue/2.6.14",
    "wanted": {
      "dependentId": "packages/h-mui",
      "name": "vue",
      "rawSpec": "2"
    }
  },
  "58 debug pnpm:_dependency_resolved": {
    "resolution": "npm.fostars.com/vue/2.6.14",
    "wanted": {
      "dependentId": "apps/app1",
      "name": "vue",
      "rawSpec": "2"
    }
  },
  "59 debug pnpm:_dependency_resolved": {
    "resolution": "npm.fostars.com/vite/2.9.12",
    "wanted": {
      "dependentId": "apps/app1",
      "name": "vite",
      "rawSpec": "^2.9.12"
    }
  },
  "60 debug pnpm:_dependency_resolved": {
    "resolution": "npm.fostars.com/vue-template-compiler/2.6.14",
    "wanted": {
      "dependentId": "apps/app1",
      "name": "vue-template-compiler",
      "rawSpec": "^2.6.14"
    }
  },
  "61 debug pnpm:_dependency_resolved": {
    "resolution": "npm.fostars.com/vite-plugin-vue2/2.0.1",
    "wanted": {
      "dependentId": "apps/app1",
      "name": "vite-plugin-vue2",
      "rawSpec": "^2.0.1"
    }
  },
  "62 debug pnpm:_dependency_resolved": {
    "resolution": "npm.fostars.com/@rollup/plugin-typescript/8.3.2",
    "wanted": {
      "dependentId": ".",
      "name": "@rollup/plugin-typescript",
      "rawSpec": "^8.3.2"
    }
  },
  "63 debug pnpm:_dependency_resolved": {
    "resolution": "npm.fostars.com/postcss/8.4.14",
    "wanted": {
      "dependentId": ".",
      "name": "postcss",
      "rawSpec": "^8.4.14"
    }
  },
  "64 debug pnpm:_dependency_resolved": {
    "resolution": "npm.fostars.com/@types/jest/28.1.1",
    "wanted": {
      "dependentId": ".",
      "name": "@types/jest",
      "rawSpec": "^28.1.1"
    }
  },
  "65 debug pnpm:_dependency_resolved": {
    "resolution": "npm.fostars.com/rollup-plugin-postcss/4.0.2",
    "wanted": {
      "dependentId": ".",
      "name": "rollup-plugin-postcss",
      "rawSpec": "^4.0.2"
    }
  },
  "66 debug pnpm:_dependency_resolved": {
    "resolution": "npm.fostars.com/@typescript-eslint/parser/5.27.1",
    "wanted": {
      "dependentId": ".",
      "name": "@typescript-eslint/parser",
      "rawSpec": "^5.27.1"
    }
  },
  "67 debug pnpm:_dependency_resolved": {
    "resolution": "npm.fostars.com/@typescript-eslint/eslint-plugin/5.27.1",
    "wanted": {
      "dependentId": ".",
      "name": "@typescript-eslint/eslint-plugin",
      "rawSpec": "^5.27.1"
    }
  },
  "68 debug pnpm:_dependency_resolved": {
    "resolution": "npm.fostars.com/eslint/8.17.0",
    "wanted": {
      "dependentId": ".",
      "name": "eslint",
      "rawSpec": "^8.16.0"
    }
  },
  "69 debug pnpm:_dependency_resolved": {
    "resolution": "npm.fostars.com/husky/8.0.1",
    "wanted": {
      "dependentId": ".",
      "name": "husky",
      "rawSpec": "^8.0.1"
    }
  },
  "70 debug pnpm:_dependency_resolved": {
    "resolution": "npm.fostars.com/eslint-config-standard/17.0.0",
    "wanted": {
      "dependentId": ".",
      "name": "eslint-config-standard",
      "rawSpec": "^17.0.0"
    }
  },
  "71 debug pnpm:_dependency_resolved": {
    "resolution": "npm.fostars.com/jest/28.1.0",
    "wanted": {
      "dependentId": ".",
      "name": "jest",
      "rawSpec": "^28.1.0"
    }
  },
  "72 debug pnpm:_dependency_resolved": {
    "resolution": "npm.fostars.com/less/4.1.2",
    "wanted": {
      "dependentId": ".",
      "name": "less",
      "rawSpec": "^4.1.2"
    }
  },
  "73 debug pnpm:_dependency_resolved": {
    "resolution": "npm.fostars.com/lint-staged/13.0.0",
    "wanted": {
      "dependentId": ".",
      "name": "lint-staged",
      "rawSpec": "^13.0.0"
    }
  },
  "74 debug pnpm:_dependency_resolved": {
    "resolution": "npm.fostars.com/rollup/2.75.5",
    "wanted": {
      "dependentId": ".",
      "name": "rollup",
      "rawSpec": "^2.75.5"
    }
  },
  "75 debug pnpm:_dependency_resolved": {
    "resolution": "npm.fostars.com/ts-jest/28.0.4",
    "wanted": {
      "dependentId": ".",
      "name": "ts-jest",
      "rawSpec": "^28.0.4"
    }
  },
  "76 debug pnpm:_dependency_resolved": {
    "resolution": "npm.fostars.com/tslib/2.4.0",
    "wanted": {
      "dependentId": ".",
      "name": "tslib",
      "rawSpec": "^2.4.0"
    }
  },
  "77 debug pnpm:_dependency_resolved": {
    "resolution": "npm.fostars.com/typescript/4.7.3",
    "wanted": {
      "dependentId": ".",
      "name": "typescript",
      "rawSpec": "^4.7.3"
    }
  },
  "78 debug pnpm:_dependency_resolved": {
    "resolution": "npm.fostars.com/vite/2.9.9",
    "wanted": {
      "dependentId": ".",
      "name": "vite",
      "rawSpec": "^2.9.9"
    }
  },
  "79 debug pnpm:_dependency_resolved": {
    "resolution": "npm.fostars.com/eslint-plugin-import/2.26.0",
    "wanted": {
      "dependentId": ".",
      "name": "eslint-plugin-import",
      "rawSpec": "^2.26.0"
    }
  },
  "80 debug pnpm:_dependency_resolved": {
    "resolution": "npm.fostars.com/eslint-plugin-n/15.2.1",
    "wanted": {
      "dependentId": ".",
      "name": "eslint-plugin-n",
      "rawSpec": "^15.2.1"
    }
  },
  "81 debug pnpm:_dependency_resolved": {
    "resolution": "npm.fostars.com/vue/2.6.14",
    "wanted": {
      "dependentId": ".",
      "name": "vue",
      "rawSpec": "2"
    }
  },
  "82 debug pnpm:_dependency_resolved": {
    "resolution": "npm.fostars.com/eslint-plugin-promise/6.0.0",
    "wanted": {
      "dependentId": ".",
      "name": "eslint-plugin-promise",
      "rawSpec": "^6.0.0"
    }
  },
  "83 debug pnpm:progress": {
    "packageId": "npm.fostars.com/vue-template-compiler/2.6.14",
    "requester": "/Users/liujianhui/fx/fe-awesome",
    "status": "found_in_store"
  },
  "84 debug pnpm:progress": {
    "packageId": "npm.fostars.com/vue-template-compiler/2.6.14",
    "requester": "/Users/liujianhui/fx/fe-awesome",
    "status": "resolved"
  },
  "85 debug pnpm:progress": {
    "packageId": "npm.fostars.com/vite-plugin-vue2/2.0.1",
    "requester": "/Users/liujianhui/fx/fe-awesome",
    "status": "found_in_store"
  },
  "86 debug pnpm:progress": {
    "packageId": "npm.fostars.com/vite-plugin-vue2/2.0.1",
    "requester": "/Users/liujianhui/fx/fe-awesome",
    "status": "resolved"
  },
  "87 debug pnpm:progress": {
    "packageId": "npm.fostars.com/vue/2.6.14",
    "requester": "/Users/liujianhui/fx/fe-awesome",
    "status": "found_in_store"
  },
  "88 debug pnpm:progress": {
    "packageId": "npm.fostars.com/vue/2.6.14",
    "requester": "/Users/liujianhui/fx/fe-awesome",
    "status": "resolved"
  },
  "89 debug pnpm:progress": {
    "packageId": "npm.fostars.com/vite/2.9.12",
    "requester": "/Users/liujianhui/fx/fe-awesome",
    "status": "found_in_store"
  },
  "90 debug pnpm:progress": {
    "packageId": "npm.fostars.com/vite/2.9.12",
    "requester": "/Users/liujianhui/fx/fe-awesome",
    "status": "resolved"
  },
  "91 debug pnpm:progress": {
    "packageId": "npm.fostars.com/@ckeditor/ckeditor5-build-classic/34.1.0",
    "requester": "/Users/liujianhui/fx/fe-awesome",
    "status": "found_in_store"
  },
  "92 debug pnpm:progress": {
    "packageId": "npm.fostars.com/@ckeditor/ckeditor5-build-classic/34.1.0",
    "requester": "/Users/liujianhui/fx/fe-awesome",
    "status": "resolved"
  },
  "93 debug pnpm:progress": {
    "packageId": "npm.fostars.com/@ckeditor/ckeditor5-build-balloon/34.1.0",
    "requester": "/Users/liujianhui/fx/fe-awesome",
    "status": "found_in_store"
  },
  "94 debug pnpm:progress": {
    "packageId": "npm.fostars.com/@ckeditor/ckeditor5-build-balloon/34.1.0",
    "requester": "/Users/liujianhui/fx/fe-awesome",
    "status": "resolved"
  },
  "95 debug pnpm:progress": {
    "packageId": "npm.fostars.com/@ckeditor/ckeditor5-build-decoupled-document/34.1.0",
    "requester": "/Users/liujianhui/fx/fe-awesome",
    "status": "found_in_store"
  },
  "96 debug pnpm:progress": {
    "packageId": "npm.fostars.com/@ckeditor/ckeditor5-build-decoupled-document/34.1.0",
    "requester": "/Users/liujianhui/fx/fe-awesome",
    "status": "resolved"
  },
  "97 debug pnpm:progress": {
    "packageId": "npm.fostars.com/@ckeditor/ckeditor5-build-inline/34.1.0",
    "requester": "/Users/liujianhui/fx/fe-awesome",
    "status": "found_in_store"
  },
  "98 debug pnpm:progress": {
    "packageId": "npm.fostars.com/@ckeditor/ckeditor5-build-inline/34.1.0",
    "requester": "/Users/liujianhui/fx/fe-awesome",
    "status": "resolved"
  },
  "99 debug pnpm:progress": {
    "packageId": "npm.fostars.com/@types/fs-extra/9.0.13",
    "requester": "/Users/liujianhui/fx/fe-awesome",
    "status": "found_in_store"
  },
  "100 debug pnpm:progress": {
    "packageId": "npm.fostars.com/@types/fs-extra/9.0.13",
    "requester": "/Users/liujianhui/fx/fe-awesome",
    "status": "resolved"
  },
  "101 debug pnpm:progress": {
    "packageId": "npm.fostars.com/vite-plugin-md/0.17.2",
    "requester": "/Users/liujianhui/fx/fe-awesome",
    "status": "found_in_store"
  },
  "102 debug pnpm:progress": {
    "packageId": "npm.fostars.com/vite-plugin-md/0.17.2",
    "requester": "/Users/liujianhui/fx/fe-awesome",
    "status": "resolved"
  },
  "103 debug pnpm:progress": {
    "packageId": "npm.fostars.com/@ckeditor/ckeditor5-build-balloon-block/34.1.0",
    "requester": "/Users/liujianhui/fx/fe-awesome",
    "status": "found_in_store"
  },
  "104 debug pnpm:progress": {
    "packageId": "npm.fostars.com/@ckeditor/ckeditor5-build-balloon-block/34.1.0",
    "requester": "/Users/liujianhui/fx/fe-awesome",
    "status": "resolved"
  },
  "105 debug pnpm:progress": {
    "packageId": "npm.fostars.com/@types/hash-sum/1.0.0",
    "requester": "/Users/liujianhui/fx/fe-awesome",
    "status": "found_in_store"
  },
  "106 debug pnpm:progress": {
    "packageId": "npm.fostars.com/@types/hash-sum/1.0.0",
    "requester": "/Users/liujianhui/fx/fe-awesome",
    "status": "resolved"
  },
  "107 debug pnpm:progress": {
    "packageId": "npm.fostars.com/@vue/compiler-sfc/3.2.37",
    "requester": "/Users/liujianhui/fx/fe-awesome",
    "status": "found_in_store"
  },
  "108 debug pnpm:progress": {
    "packageId": "npm.fostars.com/@vue/compiler-sfc/3.2.37",
    "requester": "/Users/liujianhui/fx/fe-awesome",
    "status": "resolved"
  },
  "109 debug pnpm:progress": {
    "packageId": "npm.fostars.com/@types/less/3.0.3",
    "requester": "/Users/liujianhui/fx/fe-awesome",
    "status": "found_in_store"
  },
  "110 debug pnpm:progress": {
    "packageId": "npm.fostars.com/@types/less/3.0.3",
    "requester": "/Users/liujianhui/fx/fe-awesome",
    "status": "resolved"
  },
  "111 debug pnpm:_dependency_resolved": {
    "resolution": "npm.fostars.com/@babel/parser/7.18.4",
    "wanted": {
      "dependentId": "/vite-plugin-vue2/2.0.1",
      "name": "@babel/parser",
      "rawSpec": "^7.17.9"
    }
  },
  "112 debug pnpm:_dependency_resolved": {
    "resolution": "npm.fostars.com/@babel/plugin-proposal-class-properties/7.17.12",
    "wanted": {
      "dependentId": "/vite-plugin-vue2/2.0.1",
      "name": "@babel/plugin-proposal-class-properties",
      "rawSpec": "^7.16.7"
    }
  },
  "113 debug pnpm:_dependency_resolved": {
    "resolution": "npm.fostars.com/@babel/plugin-proposal-object-rest-spread/7.18.0",
    "wanted": {
      "dependentId": "/vite-plugin-vue2/2.0.1",
      "name": "@babel/plugin-proposal-object-rest-spread",
      "rawSpec": "^7.17.3"
    }
  },
  "114 debug pnpm:_dependency_resolved": {
    "resolution": "npm.fostars.com/@babel/core/7.18.2",
    "wanted": {
      "dependentId": "/vite-plugin-vue2/2.0.1",
      "name": "@babel/core",
      "rawSpec": "^7.17.9"
    }
  },
  "115 debug pnpm:_dependency_resolved": {
    "resolution": "npm.fostars.com/@babel/plugin-proposal-nullish-coalescing-operator/7.17.12",
    "wanted": {
      "dependentId": "/vite-plugin-vue2/2.0.1",
      "name": "@babel/plugin-proposal-nullish-coalescing-operator",
      "rawSpec": "^7.16.7"
    }
  },
  "116 debug pnpm:_dependency_resolved": {
    "resolution": "npm.fostars.com/@babel/plugin-proposal-optional-chaining/7.17.12",
    "wanted": {
      "dependentId": "/vite-plugin-vue2/2.0.1",
      "name": "@babel/plugin-proposal-optional-chaining",
      "rawSpec": "^7.16.7"
    }
  },
  "117 debug pnpm:_dependency_resolved": {
    "resolution": "npm.fostars.com/@babel/plugin-proposal-decorators/7.18.2",
    "wanted": {
      "dependentId": "/vite-plugin-vue2/2.0.1",
      "name": "@babel/plugin-proposal-decorators",
      "rawSpec": "^7.17.9"
    }
  },
  "118 debug pnpm:_dependency_resolved": {
    "resolution": "npm.fostars.com/@babel/plugin-transform-arrow-functions/7.17.12",
    "wanted": {
      "dependentId": "/vite-plugin-vue2/2.0.1",
      "name": "@babel/plugin-transform-arrow-functions",
      "rawSpec": "^7.16.7"
    }
  },
  "119 debug pnpm:_dependency_resolved": {
    "resolution": "npm.fostars.com/@babel/plugin-transform-block-scoping/7.18.4",
    "wanted": {
      "dependentId": "/vite-plugin-vue2/2.0.1",
      "name": "@babel/plugin-transform-block-scoping",
      "rawSpec": "^7.16.7"
    }
  },
  "120 debug pnpm:_dependency_resolved": {
    "resolution": "npm.fostars.com/@babel/plugin-transform-computed-properties/7.17.12",
    "wanted": {
      "dependentId": "/vite-plugin-vue2/2.0.1",
      "name": "@babel/plugin-transform-computed-properties",
      "rawSpec": "^7.16.7"
    }
  },
  "121 debug pnpm:_dependency_resolved": {
    "resolution": "npm.fostars.com/@babel/plugin-transform-destructuring/7.18.0",
    "wanted": {
      "dependentId": "/vite-plugin-vue2/2.0.1",
      "name": "@babel/plugin-transform-destructuring",
      "rawSpec": "^7.17.7"
    }
  },
  "122 debug pnpm:_dependency_resolved": {
    "resolution": "npm.fostars.com/@babel/plugin-transform-parameters/7.17.12",
    "wanted": {
      "dependentId": "/vite-plugin-vue2/2.0.1",
      "name": "@babel/plugin-transform-parameters",
      "rawSpec": "^7.16.7"
    }
  },
  "123 debug pnpm:_dependency_resolved": {
    "resolution": "npm.fostars.com/@babel/plugin-transform-spread/7.17.12",
    "wanted": {
      "dependentId": "/vite-plugin-vue2/2.0.1",
      "name": "@babel/plugin-transform-spread",
      "rawSpec": "^7.16.7"
    }
  },
  "124 debug pnpm:_dependency_resolved": {
    "resolution": "npm.fostars.com/@babel/plugin-transform-typescript/7.18.4",
    "wanted": {
      "dependentId": "/vite-plugin-vue2/2.0.1",
      "name": "@babel/plugin-transform-typescript",
      "rawSpec": "^7.16.8"
    }
  },
  "125 debug pnpm:_dependency_resolved": {
    "resolution": "npm.fostars.com/@rollup/pluginutils/4.2.1",
    "wanted": {
      "dependentId": "/vite-plugin-vue2/2.0.1",
      "name": "@rollup/pluginutils",
      "rawSpec": "^4.2.1"
    }
  },
  "126 debug pnpm:_dependency_resolved": {
    "resolution": "npm.fostars.com/@vue/component-compiler-utils/3.3.0",
    "wanted": {
      "dependentId": "/vite-plugin-vue2/2.0.1",
      "name": "@vue/component-compiler-utils",
      "rawSpec": "^3.3.0"
    }
  },
  "127 debug pnpm:_dependency_resolved": {
    "resolution": "npm.fostars.com/debug/4.3.4",
    "wanted": {
      "dependentId": "/vite-plugin-vue2/2.0.1",
      "name": "debug",
      "rawSpec": "^4.3.4"
    }
  },
  "128 debug pnpm:_dependency_resolved": {
    "resolution": "npm.fostars.com/fs-extra/10.1.0",
    "wanted": {
      "dependentId": "/vite-plugin-vue2/2.0.1",
      "name": "fs-extra",
      "rawSpec": "^10.1.0"
    }
  },
  "129 debug pnpm:_dependency_resolved": {
    "resolution": "npm.fostars.com/hash-sum/2.0.0",
    "wanted": {
      "dependentId": "/vite-plugin-vue2/2.0.1",
      "name": "hash-sum",
      "rawSpec": "^2.0.0"
    }
  },
  "130 debug pnpm:_dependency_resolved": {
    "resolution": "npm.fostars.com/consolidate/0.16.0",
    "wanted": {
      "dependentId": "/vite-plugin-vue2/2.0.1",
      "name": "consolidate",
      "rawSpec": "^0.16.0"
    }
  },
  "131 debug pnpm:_dependency_resolved": {
    "resolution": "npm.fostars.com/magic-string/0.26.2",
    "wanted": {
      "dependentId": "/vite-plugin-vue2/2.0.1",
      "name": "magic-string",
      "rawSpec": "^0.26.1"
    }
  },
  "132 debug pnpm:_dependency_resolved": {
    "resolution": "npm.fostars.com/@vue/babel-helper-vue-jsx-merge-props/1.2.1",
    "wanted": {
      "dependentId": "/vite-plugin-vue2/2.0.1",
      "name": "@vue/babel-helper-vue-jsx-merge-props",
      "rawSpec": "^1.2.1"
    }
  },
  "133 debug pnpm:_dependency_resolved": {
    "resolution": "npm.fostars.com/rollup/2.75.5",
    "wanted": {
      "dependentId": "/vite-plugin-vue2/2.0.1",
      "name": "rollup",
      "rawSpec": "^2.70.2"
    }
  },
  "134 debug pnpm:_dependency_resolved": {
    "resolution": "npm.fostars.com/@vue/babel-preset-jsx/1.2.4",
    "wanted": {
      "dependentId": "/vite-plugin-vue2/2.0.1",
      "name": "@vue/babel-preset-jsx",
      "rawSpec": "^1.2.4"
    }
  },
  "135 debug pnpm:_dependency_resolved": {
    "resolution": "npm.fostars.com/slash/3.0.0",
    "wanted": {
      "dependentId": "/vite-plugin-vue2/2.0.1",
      "name": "slash",
      "rawSpec": "^3.0.0"
    }
  },
  "136 debug pnpm:_dependency_resolved": {
    "resolution": "npm.fostars.com/querystring/0.2.1",
    "wanted": {
      "dependentId": "/vite-plugin-vue2/2.0.1",
      "name": "querystring",
      "rawSpec": "^0.2.1"
    }
  },
  "137 debug pnpm:_dependency_resolved": {
    "resolution": "npm.fostars.com/vue-template-babel-compiler/1.2.0",
    "wanted": {
      "dependentId": "/vite-plugin-vue2/2.0.1",
      "name": "vue-template-babel-compiler",
      "rawSpec": "^1.2.0"
    }
  },
  "138 debug pnpm:_dependency_resolved": {
    "resolution": "npm.fostars.com/prettier/2.7.1",
    "wanted": {
      "dependentId": "/vite-plugin-vue2/2.0.1",
      "name": "prettier",
      "rawSpec": "^2.6.2"
    }
  },
  "139 debug pnpm:_dependency_resolved": {
    "resolution": "npm.fostars.com/source-map/0.7.4",
    "wanted": {
      "dependentId": "/vite-plugin-vue2/2.0.1",
      "name": "source-map",
      "rawSpec": "^0.7.3"
    }
  },
  "140 debug pnpm:_dependency_resolved": {
    "resolution": "npm.fostars.com/esbuild/0.14.43",
    "wanted": {
      "dependentId": "/vite/2.9.12",
      "name": "esbuild",
      "rawSpec": "^0.14.27"
    }
  },
  "141 debug pnpm:_dependency_resolved": {
    "resolution": "npm.fostars.com/postcss/8.4.14",
    "wanted": {
      "dependentId": "/vite/2.9.12",
      "name": "postcss",
      "rawSpec": "^8.4.13"
    }
  },
  "142 debug pnpm:_dependency_resolved": {
    "resolution": "npm.fostars.com/resolve/1.22.0",
    "wanted": {
      "dependentId": "/vite/2.9.12",
      "name": "resolve",
      "rawSpec": "^1.22.0"
    }
  },
  "143 debug pnpm:_dependency_resolved": {
    "resolution": "npm.fostars.com/rollup/2.75.5",
    "wanted": {
      "dependentId": "/vite/2.9.12",
      "name": "rollup",
      "rawSpec": "^2.59.0"
    }
  },
  "144 debug pnpm:progress": {
    "packageId": "npm.fostars.com/@vue/component-compiler-utils/3.3.0",
    "requester": "/Users/liujianhui/fx/fe-awesome",
    "status": "found_in_store"
  },
  "145 debug pnpm:progress": {
    "packageId": "npm.fostars.com/@vue/component-compiler-utils/3.3.0",
    "requester": "/Users/liujianhui/fx/fe-awesome",
    "status": "resolved"
  },
  "146 debug pnpm:progress": {
    "packageId": "npm.fostars.com/commander/9.3.0",
    "requester": "/Users/liujianhui/fx/fe-awesome",
    "status": "found_in_store"
  },
  "147 debug pnpm:progress": {
    "packageId": "npm.fostars.com/commander/9.3.0",
    "requester": "/Users/liujianhui/fx/fe-awesome",
    "status": "resolved"
  },
  "148 debug pnpm:progress": {
    "packageId": "npm.fostars.com/consola/2.15.3",
    "requester": "/Users/liujianhui/fx/fe-awesome",
    "status": "found_in_store"
  },
  "149 debug pnpm:progress": {
    "packageId": "npm.fostars.com/consola/2.15.3",
    "requester": "/Users/liujianhui/fx/fe-awesome",
    "status": "resolved"
  },
  "150 debug pnpm:progress": {
    "packageId": "npm.fostars.com/fast-glob/3.2.11",
    "requester": "/Users/liujianhui/fx/fe-awesome",
    "status": "found_in_store"
  },
  "151 debug pnpm:progress": {
    "packageId": "npm.fostars.com/fast-glob/3.2.11",
    "requester": "/Users/liujianhui/fx/fe-awesome",
    "status": "resolved"
  },
  "152 debug pnpm:progress": {
    "packageId": "npm.fostars.com/chalk/5.0.1",
    "requester": "/Users/liujianhui/fx/fe-awesome",
    "status": "found_in_store"
  },
  "153 debug pnpm:progress": {
    "packageId": "npm.fostars.com/chalk/5.0.1",
    "requester": "/Users/liujianhui/fx/fe-awesome",
    "status": "resolved"
  },
  "154 debug pnpm:progress": {
    "packageId": "npm.fostars.com/esbuild/0.14.43",
    "requester": "/Users/liujianhui/fx/fe-awesome",
    "status": "found_in_store"
  },
  "155 debug pnpm:progress": {
    "packageId": "npm.fostars.com/esbuild/0.14.43",
    "requester": "/Users/liujianhui/fx/fe-awesome",
    "status": "resolved"
  },
  "156 debug pnpm:progress": {
    "packageId": "npm.fostars.com/ora/5.4.1",
    "requester": "/Users/liujianhui/fx/fe-awesome",
    "status": "found_in_store"
  },
  "157 debug pnpm:progress": {
    "packageId": "npm.fostars.com/ora/5.4.1",
    "requester": "/Users/liujianhui/fx/fe-awesome",
    "status": "resolved"
  },
  "158 debug pnpm:progress": {
    "packageId": "npm.fostars.com/hash-sum/2.0.0",
    "requester": "/Users/liujianhui/fx/fe-awesome",
    "status": "found_in_store"
  },
  "159 debug pnpm:progress": {
    "packageId": "npm.fostars.com/hash-sum/2.0.0",
    "requester": "/Users/liujianhui/fx/fe-awesome",
    "status": "resolved"
  },
  "160 debug pnpm:progress": {
    "packageId": "npm.fostars.com/fs-extra/10.1.0",
    "requester": "/Users/liujianhui/fx/fe-awesome",
    "status": "found_in_store"
  },
  "161 debug pnpm:progress": {
    "packageId": "npm.fostars.com/fs-extra/10.1.0",
    "requester": "/Users/liujianhui/fx/fe-awesome",
    "status": "resolved"
  },
  "162 debug pnpm:progress": {
    "packageId": "npm.fostars.com/less/4.1.2",
    "requester": "/Users/liujianhui/fx/fe-awesome",
    "status": "found_in_store"
  },
  "163 debug pnpm:progress": {
    "packageId": "npm.fostars.com/less/4.1.2",
    "requester": "/Users/liujianhui/fx/fe-awesome",
    "status": "resolved"
  },
  "164 debug pnpm:progress": {
    "packageId": "npm.fostars.com/postcss/8.4.14",
    "requester": "/Users/liujianhui/fx/fe-awesome",
    "status": "found_in_store"
  },
  "165 debug pnpm:progress": {
    "packageId": "npm.fostars.com/postcss/8.4.14",
    "requester": "/Users/liujianhui/fx/fe-awesome",
    "status": "resolved"
  },
  "166 debug pnpm:progress": {
    "packageId": "npm.fostars.com/postcss-load-config/4.0.1",
    "requester": "/Users/liujianhui/fx/fe-awesome",
    "status": "found_in_store"
  },
  "167 debug pnpm:progress": {
    "packageId": "npm.fostars.com/postcss-load-config/4.0.1",
    "requester": "/Users/liujianhui/fx/fe-awesome",
    "status": "resolved"
  },
  "168 debug pnpm:progress": {
    "packageId": "npm.fostars.com/sass/1.52.3",
    "requester": "/Users/liujianhui/fx/fe-awesome",
    "status": "found_in_store"
  },
  "169 debug pnpm:progress": {
    "packageId": "npm.fostars.com/sass/1.52.3",
    "requester": "/Users/liujianhui/fx/fe-awesome",
    "status": "resolved"
  },
  "170 debug pnpm:progress": {
    "packageId": "npm.fostars.com/rimraf/3.0.2",
    "requester": "/Users/liujianhui/fx/fe-awesome",
    "status": "found_in_store"
  },
  "171 debug pnpm:progress": {
    "packageId": "npm.fostars.com/rimraf/3.0.2",
    "requester": "/Users/liujianhui/fx/fe-awesome",
    "status": "resolved"
  },
  "172 debug pnpm:progress": {
    "packageId": "npm.fostars.com/vite-plugin-inspect/0.5.0",
    "requester": "/Users/liujianhui/fx/fe-awesome",
    "status": "found_in_store"
  },
  "173 debug pnpm:progress": {
    "packageId": "npm.fostars.com/vite-plugin-inspect/0.5.0",
    "requester": "/Users/liujianhui/fx/fe-awesome",
    "status": "resolved"
  },
  "174 debug pnpm:progress": {
    "packageId": "npm.fostars.com/vue-router/3.5.4",
    "requester": "/Users/liujianhui/fx/fe-awesome",
    "status": "found_in_store"
  },
  "175 debug pnpm:progress": {
    "packageId": "npm.fostars.com/vue-router/3.5.4",
    "requester": "/Users/liujianhui/fx/fe-awesome",
    "status": "resolved"
  },
  "176 debug pnpm:progress": {
    "packageId": "npm.fostars.com/postcss-nested/5.0.6",
    "requester": "/Users/liujianhui/fx/fe-awesome",
    "status": "found_in_store"
  },
  "177 debug pnpm:progress": {
    "packageId": "npm.fostars.com/postcss-nested/5.0.6",
    "requester": "/Users/liujianhui/fx/fe-awesome",
    "status": "resolved"
  },
  "178 debug pnpm:progress": {
    "packageId": "npm.fostars.com/autoprefixer/10.4.7",
    "requester": "/Users/liujianhui/fx/fe-awesome",
    "status": "found_in_store"
  },
  "179 debug pnpm:progress": {
    "packageId": "npm.fostars.com/autoprefixer/10.4.7",
    "requester": "/Users/liujianhui/fx/fe-awesome",
    "status": "resolved"
  },
  "180 debug pnpm:_dependency_resolved": {
    "resolution": "npm.fostars.com/postcss-selector-parser/6.0.10",
    "wanted": {
      "dependentId": "/postcss-nested/5.0.6",
      "name": "postcss-selector-parser",
      "rawSpec": "^6.0.6"
    }
  },
  "181 debug pnpm:_dependency_resolved": {
    "resolution": "npm.fostars.com/browserslist/4.20.3",
    "wanted": {
      "dependentId": "/autoprefixer/10.4.7",
      "name": "browserslist",
      "rawSpec": "^4.20.3"
    }
  },
  "182 debug pnpm:_dependency_resolved": {
    "resolution": "npm.fostars.com/caniuse-lite/1.0.30001346",
    "wanted": {
      "dependentId": "/autoprefixer/10.4.7",
      "name": "caniuse-lite",
      "rawSpec": "^1.0.30001335"
    }
  },
  "183 debug pnpm:_dependency_resolved": {
    "resolution": "npm.fostars.com/picocolors/1.0.0",
    "wanted": {
      "dependentId": "/autoprefixer/10.4.7",
      "name": "picocolors",
      "rawSpec": "^1.0.0"
    }
  },
  "184 debug pnpm:_dependency_resolved": {
    "resolution": "npm.fostars.com/postcss-value-parser/4.2.0",
    "wanted": {
      "dependentId": "/autoprefixer/10.4.7",
      "name": "postcss-value-parser",
      "rawSpec": "^4.2.0"
    }
  },
  "185 debug pnpm:_dependency_resolved": {
    "resolution": "npm.fostars.com/normalize-range/0.1.2",
    "wanted": {
      "dependentId": "/autoprefixer/10.4.7",
      "name": "normalize-range",
      "rawSpec": "^0.1.2"
    }
  },
  "186 debug pnpm:_dependency_resolved": {
    "resolution": "npm.fostars.com/fraction.js/4.2.0",
    "wanted": {
      "dependentId": "/autoprefixer/10.4.7",
      "name": "fraction.js",
      "rawSpec": "^4.2.0"
    }
  },
  "187 debug pnpm:progress": {
    "packageId": "npm.fostars.com/typescript/4.7.3",
    "requester": "/Users/liujianhui/fx/fe-awesome",
    "status": "found_in_store"
  },
  "188 debug pnpm:progress": {
    "packageId": "npm.fostars.com/typescript/4.7.3",
    "requester": "/Users/liujianhui/fx/fe-awesome",
    "status": "resolved"
  },
  "189 debug pnpm:_dependency_resolved": {
    "resolution": "npm.fostars.com/@rollup/pluginutils/4.2.1",
    "wanted": {
      "dependentId": "/vite-plugin-md/0.17.2",
      "name": "@rollup/pluginutils",
      "rawSpec": "^4.2.1"
    }
  },
  "190 debug pnpm:_dependency_resolved": {
    "resolution": "npm.fostars.com/@types/markdown-it/12.2.3",
    "wanted": {
      "dependentId": "/vite-plugin-md/0.17.2",
      "name": "@types/markdown-it",
      "rawSpec": "^12.2.3"
    }
  },
  "191 debug pnpm:_dependency_resolved": {
    "resolution": "npm.fostars.com/@types/prismjs/1.26.0",
    "wanted": {
      "dependentId": "/vite-plugin-md/0.17.2",
      "name": "@types/prismjs",
      "rawSpec": "^1.26.0"
    }
  },
  "192 debug pnpm:_dependency_resolved": {
    "resolution": "npm.fostars.com/@yankeeinlondon/happy-wrapper/2.1.0",
    "wanted": {
      "dependentId": "/vite-plugin-md/0.17.2",
      "name": "@yankeeinlondon/happy-wrapper",
      "rawSpec": "^2.1.0"
    }
  },
  "193 debug pnpm:_dependency_resolved": {
    "resolution": "npm.fostars.com/@vue/runtime-core/3.2.37",
    "wanted": {
      "dependentId": "/vite-plugin-md/0.17.2",
      "name": "@vue/runtime-core",
      "rawSpec": "^3.2.37"
    }
  },
  "194 debug pnpm:_dependency_resolved": {
    "resolution": "npm.fostars.com/gray-matter/4.0.3",
    "wanted": {
      "dependentId": "/vite-plugin-md/0.17.2",
      "name": "gray-matter",
      "rawSpec": "^4.0.3"
    }
  },
  "195 debug pnpm:_dependency_resolved": {
    "resolution": "npm.fostars.com/@vueuse/core/8.7.4",
    "wanted": {
      "dependentId": "/vite-plugin-md/0.17.2",
      "name": "@vueuse/core",
      "rawSpec": "^8.7.4"
    }
  },
  "196 debug pnpm:_dependency_resolved": {
    "resolution": "npm.fostars.com/happy-dom/5.3.1",
    "wanted": {
      "dependentId": "/vite-plugin-md/0.17.2",
      "name": "happy-dom",
      "rawSpec": "^5.3.1"
    }
  },
  "197 debug pnpm:_dependency_resolved": {
    "resolution": "npm.fostars.com/source-map-js/1.0.2",
    "wanted": {
      "dependentId": "/vite-plugin-md/0.17.2",
      "name": "source-map-js",
      "rawSpec": "^1.0.2"
    }
  },
  "198 debug pnpm:_dependency_resolved": {
    "resolution": "npm.fostars.com/markdown-it/13.0.1",
    "wanted": {
      "dependentId": "/vite-plugin-md/0.17.2",
      "name": "markdown-it",
      "rawSpec": "^13.0.1"
    }
  },
  "199 debug pnpm:_dependency_resolved": {
    "resolution": "npm.fostars.com/@vitejs/plugin-vue/2.3.3",
    "wanted": {
      "dependentId": "/vite-plugin-md/0.17.2",
      "name": "@vitejs/plugin-vue",
      "rawSpec": "^2.3.3"
    }
  },
  "200 debug pnpm:_dependency_resolved": {
    "resolution": "npm.fostars.com/prismjs/1.28.0",
    "wanted": {
      "dependentId": "/vite-plugin-md/0.17.2",
      "name": "prismjs",
      "rawSpec": "^1.28.0"
    }
  },
  "201 debug pnpm:_dependency_resolved": {
    "resolution": "npm.fostars.com/ts-morph/15.1.0",
    "wanted": {
      "dependentId": "/vite-plugin-md/0.17.2",
      "name": "ts-morph",
      "rawSpec": "^15.1.0"
    }
  },
  "202 debug pnpm:_dependency_resolved": {
    "resolution": "npm.fostars.com/lilconfig/2.0.5",
    "wanted": {
      "dependentId": "/postcss-load-config/4.0.1",
      "name": "lilconfig",
      "rawSpec": "^2.0.5"
    }
  },
  "203 debug pnpm:_dependency_resolved": {
    "resolution": "npm.fostars.com/yaml/2.1.1",
    "wanted": {
      "dependentId": "/postcss-load-config/4.0.1",
      "name": "yaml",
      "rawSpec": "^2.1.1"
    }
  },
  "204 debug pnpm:_dependency_resolved": {
    "resolution": "npm.fostars.com/sirv/2.0.2",
    "wanted": {
      "dependentId": "/vite-plugin-inspect/0.5.0",
      "name": "sirv",
      "rawSpec": "^2.0.2"
    }
  },
  "205 debug pnpm:_dependency_resolved": {
    "resolution": "npm.fostars.com/kolorist/1.5.1",
    "wanted": {
      "dependentId": "/vite-plugin-inspect/0.5.0",
      "name": "kolorist",
      "rawSpec": "^1.5.1"
    }
  },
  "206 debug pnpm:_dependency_resolved": {
    "resolution": "npm.fostars.com/ufo/0.8.4",
    "wanted": {
      "dependentId": "/vite-plugin-inspect/0.5.0",
      "name": "ufo",
      "rawSpec": "^0.8.3"
    }
  },
  "207 debug pnpm:_dependency_resolved": {
    "resolution": "npm.fostars.com/@rollup/pluginutils/4.2.1",
    "wanted": {
      "dependentId": "/vite-plugin-inspect/0.5.0",
      "name": "@rollup/pluginutils",
      "rawSpec": "^4.2.1"
    }
  },
  "208 debug pnpm:_dependency_resolved": {
    "resolution": "npm.fostars.com/debug/4.3.4",
    "wanted": {
      "dependentId": "/vite-plugin-inspect/0.5.0",
      "name": "debug",
      "rawSpec": "^4.3.4"
    }
  },
  "209 debug pnpm:progress": {
    "packageId": "npm.fostars.com/@typescript-eslint/parser/5.27.1",
    "requester": "/Users/liujianhui/fx/fe-awesome",
    "status": "found_in_store"
  },
  "210 debug pnpm:progress": {
    "packageId": "npm.fostars.com/@typescript-eslint/parser/5.27.1",
    "requester": "/Users/liujianhui/fx/fe-awesome",
    "status": "resolved"
  },
  "211 debug pnpm:progress": {
    "packageId": "npm.fostars.com/@types/jest/28.1.1",
    "requester": "/Users/liujianhui/fx/fe-awesome",
    "status": "found_in_store"
  },
  "212 debug pnpm:progress": {
    "packageId": "npm.fostars.com/@types/jest/28.1.1",
    "requester": "/Users/liujianhui/fx/fe-awesome",
    "status": "resolved"
  },
  "213 debug pnpm:progress": {
    "packageId": "npm.fostars.com/@rollup/plugin-typescript/8.3.2",
    "requester": "/Users/liujianhui/fx/fe-awesome",
    "status": "found_in_store"
  },
  "214 debug pnpm:progress": {
    "packageId": "npm.fostars.com/@rollup/plugin-typescript/8.3.2",
    "requester": "/Users/liujianhui/fx/fe-awesome",
    "status": "resolved"
  },
  "215 warn pnpm:install-check": {
    "message": "Unsupported platform for npm.fostars.com/esbuild-darwin-arm64/0.14.43: wanted {\"cpu\":[\"arm64\"],\"os\":[\"darwin\"]} (current: {\"os\":\"darwin\",\"cpu\":\"x64\"})",
    "prefix": "/Users/liujianhui/fx/fe-awesome"
  },
  "216 debug pnpm:skipped-optional-dependency": {
    "details": "Error: Unsupported platform for npm.fostars.com/esbuild-darwin-arm64/0.14.43: wanted {\"cpu\":[\"arm64\"],\"os\":[\"darwin\"]} (current: {\"os\":\"darwin\",\"cpu\":\"x64\"})",
    "package": {
      "id": "npm.fostars.com/esbuild-darwin-arm64/0.14.43",
      "name": "esbuild-darwin-arm64",
      "version": "0.14.43"
    },
    "prefix": "/Users/liujianhui/fx/fe-awesome",
    "reason": "unsupported_platform"
  },
  "217 debug pnpm:_dependency_resolved": {
    "resolution": "npm.fostars.com/esbuild-darwin-arm64/0.14.43",
    "wanted": {
      "dependentId": "/esbuild/0.14.43",
      "name": "esbuild-darwin-arm64",
      "rawSpec": "0.14.43"
    }
  },
  "218 debug pnpm:progress": {
    "packageId": "npm.fostars.com/esbuild-darwin-arm64/0.14.43",
    "requester": "/Users/liujianhui/fx/fe-awesome",
    "status": "resolved"
  },
  "219 warn pnpm:install-check": {
    "message": "Unsupported platform for npm.fostars.com/esbuild-freebsd-64/0.14.43: wanted {\"cpu\":[\"x64\"],\"os\":[\"freebsd\"]} (current: {\"os\":\"darwin\",\"cpu\":\"x64\"})",
    "prefix": "/Users/liujianhui/fx/fe-awesome"
  },
  "220 debug pnpm:skipped-optional-dependency": {
    "details": "Error: Unsupported platform for npm.fostars.com/esbuild-freebsd-64/0.14.43: wanted {\"cpu\":[\"x64\"],\"os\":[\"freebsd\"]} (current: {\"os\":\"darwin\",\"cpu\":\"x64\"})",
    "package": {
      "id": "npm.fostars.com/esbuild-freebsd-64/0.14.43",
      "name": "esbuild-freebsd-64",
      "version": "0.14.43"
    },
    "prefix": "/Users/liujianhui/fx/fe-awesome",
    "reason": "unsupported_platform"
  },
  "221 debug pnpm:_dependency_resolved": {
    "resolution": "npm.fostars.com/esbuild-freebsd-64/0.14.43",
    "wanted": {
      "dependentId": "/esbuild/0.14.43",
      "name": "esbuild-freebsd-64",
      "rawSpec": "0.14.43"
    }
  },
  "222 debug pnpm:progress": {
    "packageId": "npm.fostars.com/esbuild-freebsd-64/0.14.43",
    "requester": "/Users/liujianhui/fx/fe-awesome",
    "status": "resolved"
  },
  "223 warn pnpm:install-check": {
    "message": "Unsupported platform for npm.fostars.com/esbuild-android-64/0.14.43: wanted {\"cpu\":[\"x64\"],\"os\":[\"android\"]} (current: {\"os\":\"darwin\",\"cpu\":\"x64\"})",
    "prefix": "/Users/liujianhui/fx/fe-awesome"
  },
  "224 debug pnpm:skipped-optional-dependency": {
    "details": "Error: Unsupported platform for npm.fostars.com/esbuild-android-64/0.14.43: wanted {\"cpu\":[\"x64\"],\"os\":[\"android\"]} (current: {\"os\":\"darwin\",\"cpu\":\"x64\"})",
    "package": {
      "id": "npm.fostars.com/esbuild-android-64/0.14.43",
      "name": "esbuild-android-64",
      "version": "0.14.43"
    },
    "prefix": "/Users/liujianhui/fx/fe-awesome",
    "reason": "unsupported_platform"
  },
  "225 debug pnpm:_dependency_resolved": {
    "resolution": "npm.fostars.com/esbuild-android-64/0.14.43",
    "wanted": {
      "dependentId": "/esbuild/0.14.43",
      "name": "esbuild-android-64",
      "rawSpec": "0.14.43"
    }
  },
  "226 debug pnpm:progress": {
    "packageId": "npm.fostars.com/esbuild-android-64/0.14.43",
    "requester": "/Users/liujianhui/fx/fe-awesome",
    "status": "resolved"
  },
  "227 warn pnpm:install-check": {
    "message": "Unsupported platform for npm.fostars.com/esbuild-android-arm64/0.14.43: wanted {\"cpu\":[\"arm64\"],\"os\":[\"android\"]} (current: {\"os\":\"darwin\",\"cpu\":\"x64\"})",
    "prefix": "/Users/liujianhui/fx/fe-awesome"
  },
  "228 debug pnpm:skipped-optional-dependency": {
    "details": "Error: Unsupported platform for npm.fostars.com/esbuild-android-arm64/0.14.43: wanted {\"cpu\":[\"arm64\"],\"os\":[\"android\"]} (current: {\"os\":\"darwin\",\"cpu\":\"x64\"})",
    "package": {
      "id": "npm.fostars.com/esbuild-android-arm64/0.14.43",
      "name": "esbuild-android-arm64",
      "version": "0.14.43"
    },
    "prefix": "/Users/liujianhui/fx/fe-awesome",
    "reason": "unsupported_platform"
  },
  "229 debug pnpm:_dependency_resolved": {
    "resolution": "npm.fostars.com/esbuild-android-arm64/0.14.43",
    "wanted": {
      "dependentId": "/esbuild/0.14.43",
      "name": "esbuild-android-arm64",
      "rawSpec": "0.14.43"
    }
  },
  "230 debug pnpm:progress": {
    "packageId": "npm.fostars.com/esbuild-android-arm64/0.14.43",
    "requester": "/Users/liujianhui/fx/fe-awesome",
    "status": "resolved"
  },
  "231 warn pnpm:install-check": {
    "message": "Unsupported platform for npm.fostars.com/esbuild-freebsd-arm64/0.14.43: wanted {\"cpu\":[\"arm64\"],\"os\":[\"freebsd\"]} (current: {\"os\":\"darwin\",\"cpu\":\"x64\"})",
    "prefix": "/Users/liujianhui/fx/fe-awesome"
  },
  "232 debug pnpm:skipped-optional-dependency": {
    "details": "Error: Unsupported platform for npm.fostars.com/esbuild-freebsd-arm64/0.14.43: wanted {\"cpu\":[\"arm64\"],\"os\":[\"freebsd\"]} (current: {\"os\":\"darwin\",\"cpu\":\"x64\"})",
    "package": {
      "id": "npm.fostars.com/esbuild-freebsd-arm64/0.14.43",
      "name": "esbuild-freebsd-arm64",
      "version": "0.14.43"
    },
    "prefix": "/Users/liujianhui/fx/fe-awesome",
    "reason": "unsupported_platform"
  },
  "233 debug pnpm:_dependency_resolved": {
    "resolution": "npm.fostars.com/esbuild-freebsd-arm64/0.14.43",
    "wanted": {
      "dependentId": "/esbuild/0.14.43",
      "name": "esbuild-freebsd-arm64",
      "rawSpec": "0.14.43"
    }
  },
  "234 debug pnpm:progress": {
    "packageId": "npm.fostars.com/esbuild-freebsd-arm64/0.14.43",
    "requester": "/Users/liujianhui/fx/fe-awesome",
    "status": "resolved"
  },
  "235 warn pnpm:install-check": {
    "message": "Unsupported platform for npm.fostars.com/esbuild-linux-32/0.14.43: wanted {\"cpu\":[\"ia32\"],\"os\":[\"linux\"]} (current: {\"os\":\"darwin\",\"cpu\":\"x64\"})",
    "prefix": "/Users/liujianhui/fx/fe-awesome"
  },
  "236 debug pnpm:skipped-optional-dependency": {
    "details": "Error: Unsupported platform for npm.fostars.com/esbuild-linux-32/0.14.43: wanted {\"cpu\":[\"ia32\"],\"os\":[\"linux\"]} (current: {\"os\":\"darwin\",\"cpu\":\"x64\"})",
    "package": {
      "id": "npm.fostars.com/esbuild-linux-32/0.14.43",
      "name": "esbuild-linux-32",
      "version": "0.14.43"
    },
    "prefix": "/Users/liujianhui/fx/fe-awesome",
    "reason": "unsupported_platform"
  },
  "237 debug pnpm:_dependency_resolved": {
    "resolution": "npm.fostars.com/esbuild-linux-32/0.14.43",
    "wanted": {
      "dependentId": "/esbuild/0.14.43",
      "name": "esbuild-linux-32",
      "rawSpec": "0.14.43"
    }
  },
  "238 debug pnpm:progress": {
    "packageId": "npm.fostars.com/esbuild-linux-32/0.14.43",
    "requester": "/Users/liujianhui/fx/fe-awesome",
    "status": "resolved"
  },
  "239 warn pnpm:install-check": {
    "message": "Unsupported platform for npm.fostars.com/esbuild-linux-arm/0.14.43: wanted {\"cpu\":[\"arm\"],\"os\":[\"linux\"]} (current: {\"os\":\"darwin\",\"cpu\":\"x64\"})",
    "prefix": "/Users/liujianhui/fx/fe-awesome"
  },
  "240 debug pnpm:skipped-optional-dependency": {
    "details": "Error: Unsupported platform for npm.fostars.com/esbuild-linux-arm/0.14.43: wanted {\"cpu\":[\"arm\"],\"os\":[\"linux\"]} (current: {\"os\":\"darwin\",\"cpu\":\"x64\"})",
    "package": {
      "id": "npm.fostars.com/esbuild-linux-arm/0.14.43",
      "name": "esbuild-linux-arm",
      "version": "0.14.43"
    },
    "prefix": "/Users/liujianhui/fx/fe-awesome",
    "reason": "unsupported_platform"
  },
  "241 debug pnpm:_dependency_resolved": {
    "resolution": "npm.fostars.com/esbuild-linux-arm/0.14.43",
    "wanted": {
      "dependentId": "/esbuild/0.14.43",
      "name": "esbuild-linux-arm",
      "rawSpec": "0.14.43"
    }
  },
  "242 debug pnpm:progress": {
    "packageId": "npm.fostars.com/esbuild-linux-arm/0.14.43",
    "requester": "/Users/liujianhui/fx/fe-awesome",
    "status": "resolved"
  },
  "243 warn pnpm:install-check": {
    "message": "Unsupported platform for npm.fostars.com/esbuild-linux-riscv64/0.14.43: wanted {\"cpu\":[\"riscv64\"],\"os\":[\"linux\"]} (current: {\"os\":\"darwin\",\"cpu\":\"x64\"})",
    "prefix": "/Users/liujianhui/fx/fe-awesome"
  },
  "244 debug pnpm:skipped-optional-dependency": {
    "details": "Error: Unsupported platform for npm.fostars.com/esbuild-linux-riscv64/0.14.43: wanted {\"cpu\":[\"riscv64\"],\"os\":[\"linux\"]} (current: {\"os\":\"darwin\",\"cpu\":\"x64\"})",
    "package": {
      "id": "npm.fostars.com/esbuild-linux-riscv64/0.14.43",
      "name": "esbuild-linux-riscv64",
      "version": "0.14.43"
    },
    "prefix": "/Users/liujianhui/fx/fe-awesome",
    "reason": "unsupported_platform"
  },
  "245 debug pnpm:_dependency_resolved": {
    "resolution": "npm.fostars.com/esbuild-linux-riscv64/0.14.43",
    "wanted": {
      "dependentId": "/esbuild/0.14.43",
      "name": "esbuild-linux-riscv64",
      "rawSpec": "0.14.43"
    }
  },
  "246 debug pnpm:progress": {
    "packageId": "npm.fostars.com/esbuild-linux-riscv64/0.14.43",
    "requester": "/Users/liujianhui/fx/fe-awesome",
    "status": "resolved"
  },
  "247 warn pnpm:install-check": {
    "message": "Unsupported platform for npm.fostars.com/esbuild-netbsd-64/0.14.43: wanted {\"cpu\":[\"x64\"],\"os\":[\"netbsd\"]} (current: {\"os\":\"darwin\",\"cpu\":\"x64\"})",
    "prefix": "/Users/liujianhui/fx/fe-awesome"
  },
  "248 debug pnpm:skipped-optional-dependency": {
    "details": "Error: Unsupported platform for npm.fostars.com/esbuild-netbsd-64/0.14.43: wanted {\"cpu\":[\"x64\"],\"os\":[\"netbsd\"]} (current: {\"os\":\"darwin\",\"cpu\":\"x64\"})",
    "package": {
      "id": "npm.fostars.com/esbuild-netbsd-64/0.14.43",
      "name": "esbuild-netbsd-64",
      "version": "0.14.43"
    },
    "prefix": "/Users/liujianhui/fx/fe-awesome",
    "reason": "unsupported_platform"
  },
  "249 debug pnpm:_dependency_resolved": {
    "resolution": "npm.fostars.com/esbuild-netbsd-64/0.14.43",
    "wanted": {
      "dependentId": "/esbuild/0.14.43",
      "name": "esbuild-netbsd-64",
      "rawSpec": "0.14.43"
    }
  },
  "250 debug pnpm:progress": {
    "packageId": "npm.fostars.com/esbuild-netbsd-64/0.14.43",
    "requester": "/Users/liujianhui/fx/fe-awesome",
    "status": "resolved"
  },
  "251 warn pnpm:install-check": {
    "message": "Unsupported platform for npm.fostars.com/esbuild-linux-mips64le/0.14.43: wanted {\"cpu\":[\"mips64el\"],\"os\":[\"linux\"]} (current: {\"os\":\"darwin\",\"cpu\":\"x64\"})",
    "prefix": "/Users/liujianhui/fx/fe-awesome"
  },
  "252 debug pnpm:skipped-optional-dependency": {
    "details": "Error: Unsupported platform for npm.fostars.com/esbuild-linux-mips64le/0.14.43: wanted {\"cpu\":[\"mips64el\"],\"os\":[\"linux\"]} (current: {\"os\":\"darwin\",\"cpu\":\"x64\"})",
    "package": {
      "id": "npm.fostars.com/esbuild-linux-mips64le/0.14.43",
      "name": "esbuild-linux-mips64le",
      "version": "0.14.43"
    },
    "prefix": "/Users/liujianhui/fx/fe-awesome",
    "reason": "unsupported_platform"
  },
  "253 debug pnpm:_dependency_resolved": {
    "resolution": "npm.fostars.com/esbuild-linux-mips64le/0.14.43",
    "wanted": {
      "dependentId": "/esbuild/0.14.43",
      "name": "esbuild-linux-mips64le",
      "rawSpec": "0.14.43"
    }
  },
  "254 debug pnpm:progress": {
    "packageId": "npm.fostars.com/esbuild-linux-mips64le/0.14.43",
    "requester": "/Users/liujianhui/fx/fe-awesome",
    "status": "resolved"
  },
  "255 warn pnpm:install-check": {
    "message": "Unsupported platform for npm.fostars.com/esbuild-linux-s390x/0.14.43: wanted {\"cpu\":[\"s390x\"],\"os\":[\"linux\"]} (current: {\"os\":\"darwin\",\"cpu\":\"x64\"})",
    "prefix": "/Users/liujianhui/fx/fe-awesome"
  },
  "256 debug pnpm:skipped-optional-dependency": {
    "details": "Error: Unsupported platform for npm.fostars.com/esbuild-linux-s390x/0.14.43: wanted {\"cpu\":[\"s390x\"],\"os\":[\"linux\"]} (current: {\"os\":\"darwin\",\"cpu\":\"x64\"})",
    "package": {
      "id": "npm.fostars.com/esbuild-linux-s390x/0.14.43",
      "name": "esbuild-linux-s390x",
      "version": "0.14.43"
    },
    "prefix": "/Users/liujianhui/fx/fe-awesome",
    "reason": "unsupported_platform"
  },
  "257 debug pnpm:_dependency_resolved": {
    "resolution": "npm.fostars.com/esbuild-linux-s390x/0.14.43",
    "wanted": {
      "dependentId": "/esbuild/0.14.43",
      "name": "esbuild-linux-s390x",
      "rawSpec": "0.14.43"
    }
  },
  "258 debug pnpm:progress": {
    "packageId": "npm.fostars.com/esbuild-linux-s390x/0.14.43",
    "requester": "/Users/liujianhui/fx/fe-awesome",
    "status": "resolved"
  },
  "259 debug pnpm:progress": {
    "packageId": "npm.fostars.com/rollup-plugin-postcss/4.0.2",
    "requester": "/Users/liujianhui/fx/fe-awesome",
    "status": "found_in_store"
  },
  "260 debug pnpm:progress": {
    "packageId": "npm.fostars.com/rollup-plugin-postcss/4.0.2",
    "requester": "/Users/liujianhui/fx/fe-awesome",
    "status": "resolved"
  },
  "261 debug pnpm:progress": {
    "packageId": "npm.fostars.com/eslint-config-standard/17.0.0",
    "requester": "/Users/liujianhui/fx/fe-awesome",
    "status": "found_in_store"
  },
  "262 debug pnpm:progress": {
    "packageId": "npm.fostars.com/eslint-config-standard/17.0.0",
    "requester": "/Users/liujianhui/fx/fe-awesome",
    "status": "resolved"
  },
  "263 debug pnpm:progress": {
    "packageId": "npm.fostars.com/husky/8.0.1",
    "requester": "/Users/liujianhui/fx/fe-awesome",
    "status": "found_in_store"
  },
  "264 debug pnpm:progress": {
    "packageId": "npm.fostars.com/husky/8.0.1",
    "requester": "/Users/liujianhui/fx/fe-awesome",
    "status": "resolved"
  },
  "265 warn pnpm:install-check": {
    "message": "Unsupported platform for npm.fostars.com/esbuild-linux-arm64/0.14.43: wanted {\"cpu\":[\"arm64\"],\"os\":[\"linux\"]} (current: {\"os\":\"darwin\",\"cpu\":\"x64\"})",
    "prefix": "/Users/liujianhui/fx/fe-awesome"
  },
  "266 debug pnpm:skipped-optional-dependency": {
    "details": "Error: Unsupported platform for npm.fostars.com/esbuild-linux-arm64/0.14.43: wanted {\"cpu\":[\"arm64\"],\"os\":[\"linux\"]} (current: {\"os\":\"darwin\",\"cpu\":\"x64\"})",
    "package": {
      "id": "npm.fostars.com/esbuild-linux-arm64/0.14.43",
      "name": "esbuild-linux-arm64",
      "version": "0.14.43"
    },
    "prefix": "/Users/liujianhui/fx/fe-awesome",
    "reason": "unsupported_platform"
  },
  "267 debug pnpm:_dependency_resolved": {
    "resolution": "npm.fostars.com/esbuild-linux-arm64/0.14.43",
    "wanted": {
      "dependentId": "/esbuild/0.14.43",
      "name": "esbuild-linux-arm64",
      "rawSpec": "0.14.43"
    }
  },
  "268 debug pnpm:progress": {
    "packageId": "npm.fostars.com/esbuild-linux-arm64/0.14.43",
    "requester": "/Users/liujianhui/fx/fe-awesome",
    "status": "resolved"
  },
  "269 warn pnpm:install-check": {
    "message": "Unsupported platform for npm.fostars.com/esbuild-linux-ppc64le/0.14.43: wanted {\"cpu\":[\"ppc64\"],\"os\":[\"linux\"]} (current: {\"os\":\"darwin\",\"cpu\":\"x64\"})",
    "prefix": "/Users/liujianhui/fx/fe-awesome"
  },
  "270 debug pnpm:skipped-optional-dependency": {
    "details": "Error: Unsupported platform for npm.fostars.com/esbuild-linux-ppc64le/0.14.43: wanted {\"cpu\":[\"ppc64\"],\"os\":[\"linux\"]} (current: {\"os\":\"darwin\",\"cpu\":\"x64\"})",
    "package": {
      "id": "npm.fostars.com/esbuild-linux-ppc64le/0.14.43",
      "name": "esbuild-linux-ppc64le",
      "version": "0.14.43"
    },
    "prefix": "/Users/liujianhui/fx/fe-awesome",
    "reason": "unsupported_platform"
  },
  "271 debug pnpm:_dependency_resolved": {
    "resolution": "npm.fostars.com/esbuild-linux-ppc64le/0.14.43",
    "wanted": {
      "dependentId": "/esbuild/0.14.43",
      "name": "esbuild-linux-ppc64le",
      "rawSpec": "0.14.43"
    }
  },
  "272 debug pnpm:progress": {
    "packageId": "npm.fostars.com/esbuild-linux-ppc64le/0.14.43",
    "requester": "/Users/liujianhui/fx/fe-awesome",
    "status": "resolved"
  },
  "273 warn pnpm:install-check": {
    "message": "Unsupported platform for npm.fostars.com/esbuild-linux-64/0.14.43: wanted {\"cpu\":[\"x64\"],\"os\":[\"linux\"]} (current: {\"os\":\"darwin\",\"cpu\":\"x64\"})",
    "prefix": "/Users/liujianhui/fx/fe-awesome"
  },
  "274 debug pnpm:skipped-optional-dependency": {
    "details": "Error: Unsupported platform for npm.fostars.com/esbuild-linux-64/0.14.43: wanted {\"cpu\":[\"x64\"],\"os\":[\"linux\"]} (current: {\"os\":\"darwin\",\"cpu\":\"x64\"})",
    "package": {
      "id": "npm.fostars.com/esbuild-linux-64/0.14.43",
      "name": "esbuild-linux-64",
      "version": "0.14.43"
    },
    "prefix": "/Users/liujianhui/fx/fe-awesome",
    "reason": "unsupported_platform"
  },
  "275 debug pnpm:_dependency_resolved": {
    "resolution": "npm.fostars.com/esbuild-linux-64/0.14.43",
    "wanted": {
      "dependentId": "/esbuild/0.14.43",
      "name": "esbuild-linux-64",
      "rawSpec": "0.14.43"
    }
  },
  "276 debug pnpm:progress": {
    "packageId": "npm.fostars.com/esbuild-linux-64/0.14.43",
    "requester": "/Users/liujianhui/fx/fe-awesome",
    "status": "resolved"
  },
  "277 warn pnpm:install-check": {
    "message": "Unsupported platform for npm.fostars.com/esbuild-openbsd-64/0.14.43: wanted {\"cpu\":[\"x64\"],\"os\":[\"openbsd\"]} (current: {\"os\":\"darwin\",\"cpu\":\"x64\"})",
    "prefix": "/Users/liujianhui/fx/fe-awesome"
  },
  "278 debug pnpm:skipped-optional-dependency": {
    "details": "Error: Unsupported platform for npm.fostars.com/esbuild-openbsd-64/0.14.43: wanted {\"cpu\":[\"x64\"],\"os\":[\"openbsd\"]} (current: {\"os\":\"darwin\",\"cpu\":\"x64\"})",
    "package": {
      "id": "npm.fostars.com/esbuild-openbsd-64/0.14.43",
      "name": "esbuild-openbsd-64",
      "version": "0.14.43"
    },
    "prefix": "/Users/liujianhui/fx/fe-awesome",
    "reason": "unsupported_platform"
  },
  "279 debug pnpm:_dependency_resolved": {
    "resolution": "npm.fostars.com/esbuild-openbsd-64/0.14.43",
    "wanted": {
      "dependentId": "/esbuild/0.14.43",
      "name": "esbuild-openbsd-64",
      "rawSpec": "0.14.43"
    }
  },
  "280 debug pnpm:progress": {
    "packageId": "npm.fostars.com/esbuild-openbsd-64/0.14.43",
    "requester": "/Users/liujianhui/fx/fe-awesome",
    "status": "resolved"
  },
  "281 warn pnpm:install-check": {
    "message": "Unsupported platform for npm.fostars.com/esbuild-sunos-64/0.14.43: wanted {\"cpu\":[\"x64\"],\"os\":[\"sunos\"]} (current: {\"os\":\"darwin\",\"cpu\":\"x64\"})",
    "prefix": "/Users/liujianhui/fx/fe-awesome"
  },
  "282 debug pnpm:skipped-optional-dependency": {
    "details": "Error: Unsupported platform for npm.fostars.com/esbuild-sunos-64/0.14.43: wanted {\"cpu\":[\"x64\"],\"os\":[\"sunos\"]} (current: {\"os\":\"darwin\",\"cpu\":\"x64\"})",
    "package": {
      "id": "npm.fostars.com/esbuild-sunos-64/0.14.43",
      "name": "esbuild-sunos-64",
      "version": "0.14.43"
    },
    "prefix": "/Users/liujianhui/fx/fe-awesome",
    "reason": "unsupported_platform"
  },
  "283 debug pnpm:_dependency_resolved": {
    "resolution": "npm.fostars.com/esbuild-sunos-64/0.14.43",
    "wanted": {
      "dependentId": "/esbuild/0.14.43",
      "name": "esbuild-sunos-64",
      "rawSpec": "0.14.43"
    }
  },
  "284 debug pnpm:progress": {
    "packageId": "npm.fostars.com/esbuild-sunos-64/0.14.43",
    "requester": "/Users/liujianhui/fx/fe-awesome",
    "status": "resolved"
  },
  "285 warn pnpm:install-check": {
    "message": "Unsupported platform for npm.fostars.com/esbuild-windows-32/0.14.43: wanted {\"cpu\":[\"ia32\"],\"os\":[\"win32\"]} (current: {\"os\":\"darwin\",\"cpu\":\"x64\"})",
    "prefix": "/Users/liujianhui/fx/fe-awesome"
  },
  "286 debug pnpm:skipped-optional-dependency": {
    "details": "Error: Unsupported platform for npm.fostars.com/esbuild-windows-32/0.14.43: wanted {\"cpu\":[\"ia32\"],\"os\":[\"win32\"]} (current: {\"os\":\"darwin\",\"cpu\":\"x64\"})",
    "package": {
      "id": "npm.fostars.com/esbuild-windows-32/0.14.43",
      "name": "esbuild-windows-32",
      "version": "0.14.43"
    },
    "prefix": "/Users/liujianhui/fx/fe-awesome",
    "reason": "unsupported_platform"
  },
  "287 debug pnpm:_dependency_resolved": {
    "resolution": "npm.fostars.com/esbuild-windows-32/0.14.43",
    "wanted": {
      "dependentId": "/esbuild/0.14.43",
      "name": "esbuild-windows-32",
      "rawSpec": "0.14.43"
    }
  },
  "288 debug pnpm:progress": {
    "packageId": "npm.fostars.com/esbuild-windows-32/0.14.43",
    "requester": "/Users/liujianhui/fx/fe-awesome",
    "status": "resolved"
  },
  "289 warn pnpm:install-check": {
    "message": "Unsupported platform for npm.fostars.com/esbuild-windows-arm64/0.14.43: wanted {\"cpu\":[\"arm64\"],\"os\":[\"win32\"]} (current: {\"os\":\"darwin\",\"cpu\":\"x64\"})",
    "prefix": "/Users/liujianhui/fx/fe-awesome"
  },
  "290 debug pnpm:skipped-optional-dependency": {
    "details": "Error: Unsupported platform for npm.fostars.com/esbuild-windows-arm64/0.14.43: wanted {\"cpu\":[\"arm64\"],\"os\":[\"win32\"]} (current: {\"os\":\"darwin\",\"cpu\":\"x64\"})",
    "package": {
      "id": "npm.fostars.com/esbuild-windows-arm64/0.14.43",
      "name": "esbuild-windows-arm64",
      "version": "0.14.43"
    },
    "prefix": "/Users/liujianhui/fx/fe-awesome",
    "reason": "unsupported_platform"
  },
  "291 debug pnpm:_dependency_resolved": {
    "resolution": "npm.fostars.com/esbuild-windows-arm64/0.14.43",
    "wanted": {
      "dependentId": "/esbuild/0.14.43",
      "name": "esbuild-windows-arm64",
      "rawSpec": "0.14.43"
    }
  },
  "292 debug pnpm:progress": {
    "packageId": "npm.fostars.com/esbuild-windows-arm64/0.14.43",
    "requester": "/Users/liujianhui/fx/fe-awesome",
    "status": "resolved"
  },
  "293 warn pnpm:install-check": {
    "message": "Unsupported platform for npm.fostars.com/esbuild-windows-64/0.14.43: wanted {\"cpu\":[\"x64\"],\"os\":[\"win32\"]} (current: {\"os\":\"darwin\",\"cpu\":\"x64\"})",
    "prefix": "/Users/liujianhui/fx/fe-awesome"
  },
  "294 debug pnpm:skipped-optional-dependency": {
    "details": "Error: Unsupported platform for npm.fostars.com/esbuild-windows-64/0.14.43: wanted {\"cpu\":[\"x64\"],\"os\":[\"win32\"]} (current: {\"os\":\"darwin\",\"cpu\":\"x64\"})",
    "package": {
      "id": "npm.fostars.com/esbuild-windows-64/0.14.43",
      "name": "esbuild-windows-64",
      "version": "0.14.43"
    },
    "prefix": "/Users/liujianhui/fx/fe-awesome",
    "reason": "unsupported_platform"
  },
  "295 debug pnpm:_dependency_resolved": {
    "resolution": "npm.fostars.com/esbuild-windows-64/0.14.43",
    "wanted": {
      "dependentId": "/esbuild/0.14.43",
      "name": "esbuild-windows-64",
      "rawSpec": "0.14.43"
    }
  },
  "296 debug pnpm:progress": {
    "packageId": "npm.fostars.com/esbuild-windows-64/0.14.43",
    "requester": "/Users/liujianhui/fx/fe-awesome",
    "status": "resolved"
  },
  "297 debug pnpm:progress": {
    "packageId": "npm.fostars.com/eslint/8.17.0",
    "requester": "/Users/liujianhui/fx/fe-awesome",
    "status": "found_in_store"
  },
  "298 debug pnpm:progress": {
    "packageId": "npm.fostars.com/eslint/8.17.0",
    "requester": "/Users/liujianhui/fx/fe-awesome",
    "status": "resolved"
  },
  "299 debug pnpm:progress": {
    "packageId": "npm.fostars.com/@typescript-eslint/eslint-plugin/5.27.1",
    "requester": "/Users/liujianhui/fx/fe-awesome",
    "status": "found_in_store"
  },
  "300 debug pnpm:progress": {
    "packageId": "npm.fostars.com/@typescript-eslint/eslint-plugin/5.27.1",
    "requester": "/Users/liujianhui/fx/fe-awesome",
    "status": "resolved"
  },
  "301 error pnpm": {
    "code": "ERR_PNPM_FETCH_404",
    "hint": "vant-cli is not in the npm registry, or you have no permission to fetch it.\n\nAn authorization header was used: Bearer Y+i2[hidden]",
    "request": {
      "authHeaderValue": "Bearer Y+i2P4JLnCh0/ANW8Tt3AmlzDdFN4L52/2x1rbb5Yrw=",
      "url": "https://npm.fostars.com/vant-cli"
    },
    "response": {
      "size": 0
    },
    "pkgName": "vant-cli",
    "pkgsStack": [],
    "err": {
      "name": "pnpm",
      "message": "GET https://npm.fostars.com/vant-cli: Not Found - 404",
      "code": "ERR_PNPM_FETCH_404",
      "stack": "pnpm: GET https://npm.fostars.com/vant-cli: Not Found - 404\n    at RetryOperation._fn (/Users/liujianhui/.nvm/versions/node/v14.15.5/lib/node_modules/pnpm/dist/pnpm.cjs:85721:19)\n    at processTicksAndRejections (internal/process/task_queues.js:93:5)"
    }
  }
}